{"uuid":"2e6f41fb-9a5a-4b93-af1e-b8f9852f19ac","historyId":"746f13a7779d9ac34f12774bf4b06b34","fullName":"org.example.tests.integration.TCIntegration1.testUpdateBookingByID","labels":[{"name":"package","value":"org.example.tests.integration.TCIntegration1"},{"name":"testClass","value":"org.example.tests.integration.TCIntegration1"},{"name":"testMethod","value":"testUpdateBookingByID"},{"name":"parentSuite","value":"All Test Suite"},{"name":"suite","value":"RestAPIAutomationFramework"},{"name":"subSuite","value":"org.example.tests.integration.TCIntegration1"},{"name":"host","value":"LAPTOP-5TGTGEIF"},{"name":"thread","value":"13900@LAPTOP-5TGTGEIF.main(1)"},{"name":"framework","value":"testng"},{"name":"language","value":"java"},{"name":"owner","value":"Promode"}],"links":[],"name":"testUpdateBookingByID","status":"skipped","statusDetails":{"known":false,"muted":false,"flaky":false,"message":"java.lang.ExceptionInInitializerError","trace":"java.lang.ExceptionInInitializerError\r\n\tat org.example.base.BaseTest.setConfig(BaseTest.java:31)\r\n\tat java.base/jdk.internal.reflect.DirectMethodHandleAccessor.invoke(DirectMethodHandleAccessor.java:103)\r\n\tat java.base/java.lang.reflect.Method.invoke(Method.java:580)\r\n\tat org.testng.internal.invokers.MethodInvocationHelper.invokeMethod(MethodInvocationHelper.java:139)\r\n\tat org.testng.internal.invokers.MethodInvocationHelper.invokeMethodConsideringTimeout(MethodInvocationHelper.java:69)\r\n\tat org.testng.internal.invokers.ConfigInvoker.invokeConfigurationMethod(ConfigInvoker.java:390)\r\n\tat org.testng.internal.invokers.ConfigInvoker.invokeConfigurations(ConfigInvoker.java:325)\r\n\tat org.testng.TestRunner.invokeTestConfigurations(TestRunner.java:663)\r\n\tat org.testng.TestRunner.beforeRun(TestRunner.java:652)\r\n\tat org.testng.TestRunner.run(TestRunner.java:614)\r\n\tat org.testng.SuiteRunner.runTest(SuiteRunner.java:443)\r\n\tat org.testng.SuiteRunner.runSequentially(SuiteRunner.java:437)\r\n\tat org.testng.SuiteRunner.privateRun(SuiteRunner.java:397)\r\n\tat org.testng.SuiteRunner.run(SuiteRunner.java:336)\r\n\tat org.testng.SuiteRunnerWorker.runSuite(SuiteRunnerWorker.java:52)\r\n\tat org.testng.SuiteRunnerWorker.run(SuiteRunnerWorker.java:95)\r\n\tat org.testng.TestNG.runSuitesSequentially(TestNG.java:1280)\r\n\tat org.testng.TestNG.runSuitesLocally(TestNG.java:1200)\r\n\tat org.testng.TestNG.runSuites(TestNG.java:1114)\r\n\tat org.testng.TestNG.run(TestNG.java:1082)\r\n\tat com.intellij.rt.testng.IDEARemoteTestNG.run(IDEARemoteTestNG.java:65)\r\n\tat com.intellij.rt.testng.RemoteTestNGStarter.main(RemoteTestNGStarter.java:105)\r\nCaused by: java.lang.RuntimeException: java.io.FileNotFoundException: C:\\Users\\kapil\\IdeaProjects\\RestAPIAutomationFrameworksrc\\test\\resources\\TestDataProperty.properties (The system cannot find the path specified)\r\n\tat org.example.endpoints.APIConstants.<clinit>(APIConstants.java:17)\r\n\t... 22 more\r\nCaused by: java.io.FileNotFoundException: C:\\Users\\kapil\\IdeaProjects\\RestAPIAutomationFrameworksrc\\test\\resources\\TestDataProperty.properties (The system cannot find the path specified)\r\n\tat java.base/java.io.FileInputStream.open0(Native Method)\r\n\tat java.base/java.io.FileInputStream.open(FileInputStream.java:213)\r\n\tat java.base/java.io.FileInputStream.<init>(FileInputStream.java:152)\r\n\tat org.example.utils.PropertyReaderUtil.readKey(PropertyReaderUtil.java:16)\r\n\tat org.example.endpoints.APIConstants.<clinit>(APIConstants.java:13)\r\n\t... 22 more\r\n"},"stage":"finished","description":"TC#INT1 - Step 3. Verify Updated Booking by ID","steps":[],"attachments":[],"parameters":[],"start":1715874656653,"stop":1715874656653}